[2018-02-01 11:59:10] My Core.INFO: /_lab/mycore/ '/ ' 200 [] {"uid":"0e4dcd6"}
[2018-02-01 12:00:36] My Core.INFO: /_lab/mycore/ '/ ' 200 [] {"uid":"f592ab0"}
[2018-02-01 12:01:08] My Core.INFO: /_lab/mycore/ '/ ' 200 [] {"uid":"ce53205"}
[2018-02-01 12:03:45] My Core.INFO: /_lab/mycore/ '/ ' 200 [] {"uid":"11b99dc"}
[2018-02-01 12:05:19] My Core.INFO: GET /_lab/mycore/ '/ ' 200 [] {"uid":"10d9543"}
[2018-02-01 12:10:26] My Core.INFO: GET /_lab/mycore/ ' : ' 200 [] {"uid":"bd9df21"}
[2018-02-01 12:10:59] My Core.INFO: GET /_lab/mycore/ : 200 [] {"uid":"0932865"}
[2018-02-01 12:11:00] My Core.INFO: GET /_lab/mycore/ : 200 [] {"uid":"f30cc14"}
[2018-02-01 12:12:27] My Core.INFO: GET /_lab/mycore/ : 200 [] {"uid":"5b6bdc7"}
[2018-02-01 12:13:02] My Core.INFO: GET /_lab/mycore/ : 200 [] {"uid":"8b2ee73"}
[2018-02-01 12:14:57] My Core.INFO: GET /_lab/mycore/ : 200 [] {"uid":"4b7cb9f"}
[2018-02-01 12:15:02] My Core.INFO: GET /_lab/mycore/application/show : 200 [] {"uid":"d31ad3f"}
[2018-02-01 12:16:42] My Core.INFO: GET /_lab/mycore/ : 200 [] {"uid":"d4a2dc0"}
[2018-02-01 12:16:43] My Core.INFO: GET /_lab/mycore/tests/composer : 200 [] {"uid":"99d7b03"}
[2018-02-01 12:21:48] My Core.INFO: GET /_lab/mycore/tests/php-view : 200 [] {"uid":"d945f27"}
[2018-02-01 12:24:54] My Core.INFO: GET /_lab/mycore/ : 200 [] {"uid":"67c33b2"}
[2018-02-01 12:26:12] My Core.INFO: GET /_lab/mycore/ : 200 [] {"uid":"0b6492c"}
[2018-02-01 12:26:21] My Core.INFO: GET /_lab/mycore/application/show : 200 [] {"uid":"8b913de"}
[2018-02-01 15:04:18] My Core.INFO: GET /_lab/mycore/ : 200 [] {"uid":"c497b36"}
[2018-02-02 08:34:15] My Core.INFO: GET /_lab/mycore/ : 200 [] {"uid":"305bca6"}
[2018-02-02 08:45:07] My Core.INFO: GET /_lab/mycore/application/show : 200 [] {"uid":"d5b8669"}
[2018-02-02 08:54:30] My Core.INFO: GET /_lab/mycore/application/show : 200 [] {"uid":"00c84a2"}
[2018-02-02 08:54:34] My Core.INFO: GET /_lab/mycore/ : 200 [] {"uid":"1f827fc"}
[2018-02-02 08:56:39] My Core.INFO: GET /_lab/mycore/ : 200 [] {"uid":"ce98639"}
[2018-02-02 08:59:56] My Core.INFO: GET /_lab/mycore/ : 200 [] {"uid":"09c61ed"}
[2018-02-02 09:00:55] My Core.INFO: GET /_lab/mycore/ : 200 [] {"uid":"4a5d83f"}
[2018-02-02 09:01:45] My Core.INFO: GET /_lab/mycore/ : 200 [] {"uid":"d11980e"}
[2018-02-02 09:02:17] My Core.INFO: GET /_lab/mycore/ : 200 [] {"uid":"678c081"}
[2018-02-02 09:02:47] My Core.INFO: GET /_lab/mycore/ : 200 [] {"uid":"9c88096"}
[2018-02-02 09:03:54] My Core.INFO: GET /_lab/mycore/ : 200 [] {"uid":"d8b2dc0"}
[2018-02-02 09:04:26] My Core.INFO: GET /_lab/mycore/ : 200 [] {"uid":"8637cf3"}
[2018-02-04 09:43:30] My Core.INFO: GET /_lab/mycore/ : 200 [] {"uid":"42ecccc"}
[2018-02-04 09:43:49] My Core.INFO: GET /_lab/mycore/application/show : 200 [] {"uid":"31ea00a"}
[2018-02-04 09:49:19] My Core.INFO: GET /_lab/mycore/ : 200 [] {"uid":"f0f1ed9"}
[2018-02-04 09:49:36] My Core.INFO: GET /_lab/mycore/application/show : 200 [] {"uid":"e1ffe9c"}
[2018-02-04 09:50:21] My Core.INFO: GET /_lab/mycore/tests/composer : 200 [] {"uid":"a05620d"}
[2018-02-04 10:10:02] My Core.INFO: GET /_lab/mycore/ : 200 [] {"uid":"a1b8009"}
[2018-02-04 10:10:04] My Core.INFO: GET /_lab/mycore/application/show : 200 [] {"uid":"948523d"}
[2018-02-04 10:10:18] My Core.INFO: GET /_lab/mycore/ : 200 [] {"uid":"b900498"}
[2018-02-04 10:47:31] My Core.INFO: GET /_lab/mycore/ : 200 [] {"uid":"aef5a4c"}
[2018-02-04 10:56:48] My Core.INFO: GET /_lab/mycore/ : 200 [] {"uid":"70d5619"}
[2018-02-04 10:57:11] My Core.INFO: GET /_lab/mycore/ : 200 [] {"uid":"877d8b3"}
[2018-02-06 11:55:04] My Core.INFO: GET /_lab/mycore/ : 200 [] {"uid":"308d912"}
[2018-02-06 12:51:55] My Core.INFO: GET /_lab/mycore/tests/composer : 200 [] {"uid":"6a146a6"}
[2018-02-06 12:53:19] My Core.INFO: GET /_lab/mycore/tests/composer : 200 [] {"uid":"e75637e"}
[2018-02-06 12:53:51] My Core.INFO: GET /_lab/mycore/tests/composer : 200 [] {"uid":"a3a5475"}
[2018-02-06 12:54:10] My Core.INFO: GET /_lab/mycore/tests/composer : 200 [] {"uid":"29b897b"}
[2018-02-06 12:54:21] My Core.INFO: GET /_lab/mycore/tests/composer : 200 [] {"uid":"1d81bb2"}
[2018-02-06 12:55:16] My Core.INFO: GET /_lab/mycore/tests/composer : 200 [] {"uid":"656685a"}
[2018-02-06 12:55:55] My Core.INFO: GET /_lab/mycore/tests/composer : 200 [] {"uid":"9c219a8"}
[2018-02-09 12:26:39] My Core.INFO: GET /_lab/mycore/ : 200 [] {"uid":"e850ef7"}
[2018-02-12 08:46:43] My Core.INFO: GET /_lab/mycore/ : 200 [] {"uid":"3682c1a"}
[2018-02-12 08:48:29] My Core.INFO: GET /_lab/mycore/ : 200 [] {"uid":"42aa1b0"}
[2018-02-12 08:48:31] My Core.INFO: GET /_lab/mycore/tests/pdf : 200 [] {"uid":"aa0d6fb"}
[2018-02-12 08:48:44] My Core.INFO: GET /_lab/mycore/tests/pdf : 200 [] {"uid":"98163bb"}
[2018-02-12 08:49:50] My Core.INFO: GET /_lab/mycore/tests/pdf : 200 [] {"uid":"26f9e07"}
[2018-02-12 08:50:43] My Core.INFO: GET /_lab/mycore/tests/pdf : 200 [] {"uid":"7421626"}
[2018-02-12 08:50:54] My Core.INFO: GET /_lab/mycore/tests/pdf : 200 [] {"uid":"0453345"}
[2018-02-12 08:51:26] My Core.INFO: GET /_lab/mycore/tests/composer : 200 [] {"uid":"e98df20"}
[2018-02-12 08:51:30] My Core.INFO: GET /_lab/mycore/tests/pdf : 200 [] {"uid":"9734dca"}
[2018-02-12 08:51:40] My Core.INFO: GET /_lab/mycore/pdf/home/toView : 200 [] {"uid":"f434af7"}
[2018-02-12 08:51:44] My Core.INFO: GET /_lab/mycore/tests/pdf : 200 [] {"uid":"56bc94c"}
[2018-02-12 08:52:36] My Core.INFO: GET /_lab/mycore/tests/pdf : 200 [] {"uid":"b856efa"}
[2018-02-12 08:52:41] My Core.INFO: GET /_lab/mycore/pdf/home/toView : 200 [] {"uid":"f498342"}
[2018-02-12 08:52:43] My Core.INFO: GET /_lab/mycore/tests/pdf : 200 [] {"uid":"d8127cc"}
[2018-02-12 08:53:15] My Core.INFO: GET /_lab/mycore/tests/pdf : 200 [] {"uid":"0c7be1b"}
[2018-02-12 08:53:49] My Core.INFO: GET /_lab/mycore/tests/pdf : 200 [] {"uid":"0c49632"}
[2018-02-12 08:54:14] My Core.INFO: GET /_lab/mycore/pdf/home/toView : 200 [] {"uid":"8214e3f"}
[2018-02-12 08:54:16] My Core.INFO: GET /_lab/mycore/tests/pdf : 200 [] {"uid":"444f908"}
[2018-02-12 08:54:25] My Core.INFO: GET /_lab/mycore/tests/pdf : 200 [] {"uid":"33a3d2a"}
[2018-02-12 08:54:29] My Core.INFO: GET /_lab/mycore/pdf/home/toView : 200 [] {"uid":"f4831a9"}
[2018-02-12 08:55:30] My Core.INFO: GET /_lab/mycore/tests/pdf : 200 [] {"uid":"6538d91"}
[2018-02-12 09:00:45] My Core.INFO: GET /_lab/mycore/tests/pdf : 200 [] {"uid":"e854f12"}
[2018-02-12 09:20:45] My Core.INFO: GET /_lab/mycore/pdf/home/toView : 200 [] {"uid":"50bd0e1"}
[2018-02-12 09:32:50] My Core.INFO: GET /_lab/mycore/pdf/home/toView : 200 [] {"uid":"ce680cc"}
[2018-02-12 09:32:52] My Core.INFO: GET /_lab/mycore/tests/pdf : 200 [] {"uid":"878c21d"}
[2018-02-12 10:46:56] My Core.INFO: GET /_lab/mycore/tests/pdf : 200 [] {"uid":"77ebf2a"}
[2018-02-12 10:47:13] My Core.INFO: GET /_lab/mycore/tests/pdf : 200 [] {"uid":"9c8f291"}
[2018-02-12 10:47:16] My Core.INFO: GET /_lab/mycore/tests/pdf : 200 [] {"uid":"8b1e37d"}
[2018-02-12 10:48:08] My Core.INFO: GET /_lab/mycore/tests/pdf : 200 [] {"uid":"e59e71e"}
[2018-02-13 05:46:34] My Core.INFO: GET /_lab/mycore/ : 200 [] {"uid":"d49ebf2"}
[2018-02-13 05:58:56] My Core.INFO: GET /_lab/mycore/ : 200 [] {"uid":"35775c0"}
[2018-02-13 13:13:18] My Core.INFO: GET /_lab/mycore/ : 200 [] {"uid":"1da3df1"}
[2018-02-13 13:14:25] My Core.INFO: GET /_lab/mycore/ : 200 [] {"uid":"76ba888"}
[2018-02-13 13:15:22] My Core.INFO: GET /_lab/mycore/ : 200 [] {"uid":"f318010"}
[2018-02-13 13:15:35] My Core.INFO: GET /_lab/mycore/ : 200 [] {"uid":"5596380"}
[2018-02-13 13:16:18] My Core.INFO: GET _lab/mycore/ : 200 [] {"uid":"adf4189"}
[2018-02-13 13:17:59] My Core.INFO: GET _lab/mycore/ : 200 [] {"uid":"4cb1289"}
[2018-02-13 13:18:55] My Core.INFO: GET _lab/mycore/ : 200 [] {"uid":"704333d"}
[2018-02-13 13:19:21] My Core.INFO: GET _lab/mycore/ : 200 [] {"uid":"d29b48a"}
[2018-02-13 13:20:32] My Core.INFO: GET _lab/mycore/ : 200 [] {"uid":"4d51aa6"}
[2018-02-13 13:20:59] My Core.INFO: GET _lab/mycore/ : 200 [] {"uid":"965f711"}
[2018-02-13 13:23:40] My Core.INFO: GET _lab/mycore/ : 200 [] {"uid":"a38503b"}
[2018-02-13 13:24:00] My Core.INFO: GET _lab/mycore/tests/composer : 200 [] {"uid":"a3c0d16"}
[2018-02-13 13:24:03] My Core.INFO: GET _lab/mycore/ : 200 [] {"uid":"25a724b"}
[2018-02-13 13:24:04] My Core.INFO: GET _lab/mycore/tests/composer : 200 [] {"uid":"3c4e4ba"}
[2018-02-13 13:24:36] My Core.INFO: GET _lab/mycore/ : 200 [] {"uid":"87c2036"}
[2018-02-13 13:26:50] My Core.INFO: GET _lab/mycore/ : 200 [] {"uid":"a696276"}
[2018-02-13 13:27:55] My Core.INFO: GET _lab/mycore/ : 200 [] {"uid":"36f7da9"}
[2018-02-13 13:29:47] My Core.INFO: GET /_lab/mycore/ : 200 [] {"uid":"1c46778"}
[2018-02-13 13:30:21] My Core.INFO: GET /_lab/mycore/ : 200 [] {"uid":"d033fdc"}
[2018-02-13 13:31:32] My Core.INFO: GET /_lab/mycore/ : 200 [] {"uid":"cb77944"}
[2018-02-13 13:32:48] My Core.INFO: GET /_lab/mycore/ : 200 [] {"uid":"fe75537"}
[2018-02-13 13:33:18] My Core.INFO: GET /_lab/mycore/ : 200 [] {"uid":"072088a"}
[2018-02-13 13:34:24] My Core.INFO: GET /_lab/mycore/ : 200 [] {"uid":"2482773"}
[2018-02-13 13:35:43] My Core.INFO: GET /_lab/mycore/ : 200 [] {"uid":"57ec891"}
[2018-02-13 13:40:56] My Core.INFO: GET /_lab/mycore/ : 200 [] {"uid":"a81afcf"}
[2018-02-13 13:41:49] My Core.INFO: GET /_lab/mycore/ : 200 [] {"uid":"a260db7"}
[2018-02-13 13:42:14] My Core.INFO: GET /_lab/mycore/ : 200 [] {"uid":"1db961c"}
[2018-02-13 14:12:08] My Core.INFO: GET /_lab/mycore/ : 200 [] {"uid":"aabd8c8"}
[2018-02-13 14:29:04] My Core.INFO: GET /_lab/mycore/ : 200 [] {"uid":"b9c0eaf"}
[2018-02-13 14:29:30] My Core.INFO: GET /_lab/mycore/ : 200 [] {"uid":"c7ed106"}
[2018-02-14 08:14:56] My Core.INFO: GET /_lab/mycore/ : 200 [] {"uid":"54cd817"}
[2018-02-14 09:37:28] My Core.INFO: GET /_lab/mycore/ : 200 [] {"uid":"a034241"}
[2018-02-15 05:56:56] My Core.INFO: GET /_lab/mycore/ : 200 [] {"uid":"75cae2f"}
[2018-02-15 06:48:49] My Core.INFO: GET /_lab/mycore/ : 200 [] {"uid":"7fe5905"}
[2018-02-15 06:49:38] My Core.INFO: GET /_lab/mycore/ : 200 [] {"uid":"65a1759"}
[2018-02-15 10:28:50] My Core.INFO: GET /_lab/mycore/ : 200 [] {"uid":"c33426e"}
[2018-02-15 14:28:48] My Core.INFO: GET /_lab/mycore/ : 200 [] {"uid":"5cb237e"}
[2018-02-15 17:40:02] My Core.INFO: GET /_lab/mycore/tests/pdf : 200 [] {"uid":"428d5d0"}
[2018-02-16 07:36:55] My Core.INFO: GET /_lab/mycore/ : 200 [] {"uid":"db2ef8d"}
[2018-02-17 09:14:31] My Core.INFO: GET /_lab/mycore/tests/pdf : 200 [] {"uid":"2762385"}
[2018-02-17 09:15:42] My Core.INFO: GET /_lab/mycore/ : 200 [] {"uid":"5dbd7cb"}
[2018-02-17 09:15:44] My Core.INFO: GET /_lab/mycore/ : 200 [] {"uid":"0eec190"}
[2018-02-17 09:15:50] My Core.INFO: GET /_lab/mycore/ : 200 [] {"uid":"f432921"}
[2018-02-17 09:16:03] My Core.INFO: GET /_lab/mycore/ : 200 [] {"uid":"4ec7fbb"}
